<?xml version="1.0" encoding="UTF-8"?>
<!-- Generated by org.testng.reporters.JUnitReportReporter -->
<testsuite skipped="0" hostname="LAPTOP-L7NND2UK" name="maven.project.SecondClass" tests="6" failures="0" timestamp="30 Apr 2022 07:06:57 GMT" time="0.019" errors="0">
  <testcase name="A" time="0.006" classname="maven.project.SecondClass"/>
  <testcase name="C" time="0.003" classname="maven.project.SecondClass"/>
  <testcase name="D" time="0.002" classname="maven.project.SecondClass"/>
  <testcase name="F" time="0.002" classname="maven.project.SecondClass"/>
  <testcase name="B" time="0.004" classname="maven.project.SecondClass"/>
  <testcase name="E" time="0.002" classname="maven.project.SecondClass"/>
</testsuite> <!-- maven.project.SecondClass -->
